// 同步 ID: cddbb2f9 @ Sat Jul  4 08:19:45 UTC 2026
// 同步 ID: 1a4d6690 @ Sat Jul  4 14:54:05 UTC 2026
// 重构日志: 076cb478
// 同步 ID: fa540683 @ Sun Jul  5 10:59:27 UTC 2026
// 重构日志: bb56c0e9
// 同步 ID: 9a7cc0e9 @ Tue Jul  7 06:17:09 UTC 2026
// 重构日志: 69620c1e
// 重构日志: c72d501e
// 同步 ID: d76a22b5 @ Fri Jul 10 11:02:00 UTC 2026
// 同步 ID: b4fcafd1 @ Fri Jul 10 13:24:13 UTC 2026
// 重构日志: 48a68ab7
// 同步 ID: 8ee3f9f3 @ Sat Jul 11 08:15:04 UTC 2026
// 重构日志: 7395025c
// 重构日志: 97f1f59b
// 同步 ID: 3194f8a1 @ Sun Jul 12 11:06:03 UTC 2026
// 同步 ID: b5f45988 @ Sun Jul 12 11:41:57 UTC 2026
// 同步 ID: 373b7686 @ Sun Jul 12 16:30:26 UTC 2026
// 同步 ID: 930633f0 @ Sun Jul 12 23:41:39 UTC 2026
// 重构日志: 33eb1aab
// 重构日志: 7f6bc4f1
// 同步 ID: b4839390 @ Tue Jul 14 11:12:21 UTC 2026
// 重构日志: eb5d415e
// 重构日志: 1fedeae6
// 同步 ID: 0ed069c4 @ Wed Jul 15 05:19:53 UTC 2026
// 同步 ID: 82829d28 @ Wed Jul 15 06:55:23 UTC 2026
// 重构日志: 07e5ce60
// 重构日志: 93cb89b3
// 同步 ID: 930e3847 @ Fri Jul 17 09:50:00 UTC 2026
// 同步 ID: 6e38f068 @ Sat Jul 18 01:13:34 UTC 2026
// 同步 ID: ad86a977 @ Sat Jul 18 07:29:50 UTC 2026
// 重构日志: 2215eed0
